[2016-07-21 14:00:42|process_financial_data|] Initiate class QuantLib
[2016-07-21 14:00:42|process_financial_data|] Initiate class 'ProcFinancialData'
[2016-07-21 14:01:17|process_financial_data|] Initiate class QuantLib
[2016-07-21 14:01:17|process_financial_data|] Initiate class 'ProcFinancialData'
[2016-07-21 14:01:17|process_financial_data|] Find all stock codes
[2016-07-21 14:01:41|process_financial_data|] Initiate class QuantLib
[2016-07-21 14:01:41|process_financial_data|] Initiate class 'ProcFinancialData'
[2016-07-21 14:01:41|process_financial_data|] Find all stock codes
[2016-07-21 14:02:47|process_financial_data|] Initiate class QuantLib
[2016-07-21 14:02:47|process_financial_data|] Initiate class 'ProcFinancialData'
[2016-07-21 14:02:47|process_financial_data|] Find all stock codes
[2016-07-21 14:02:48|process_financial_data|] Find days when financial data was changed
[2016-07-21 14:03:17|process_financial_data|] Initiate class QuantLib
[2016-07-21 14:03:17|process_financial_data|] Initiate class 'ProcFinancialData'
[2016-07-21 14:03:17|process_financial_data|] Find all stock codes
[2016-07-21 14:03:17|process_financial_data|] Find days when financial data was changed
[2016-07-21 14:04:03|process_financial_data|] Initiate class QuantLib
[2016-07-21 14:04:03|process_financial_data|] Initiate class 'ProcFinancialData'
[2016-07-21 14:04:03|process_financial_data|] Find all stock codes
[2016-07-21 14:04:03|process_financial_data|] Find days when financial data was changed
[2016-07-21 14:04:33|process_financial_data|] Initiate class QuantLib
[2016-07-21 14:04:33|process_financial_data|] Initiate class 'ProcFinancialData'
[2016-07-21 14:04:33|process_financial_data|] Find all stock codes
[2016-07-21 14:04:33|process_financial_data|] Find days when financial data was changed
[2016-07-21 14:04:49|process_financial_data|] Initiate class QuantLib
[2016-07-21 14:04:49|process_financial_data|] Initiate class 'ProcFinancialData'
[2016-07-21 14:04:49|process_financial_data|] Find all stock codes
[2016-07-21 14:04:49|process_financial_data|] Find days when financial data was changed
[2016-07-21 14:05:56|process_financial_data|] Initiate class QuantLib
[2016-07-21 14:05:56|process_financial_data|] Initiate class 'ProcFinancialData'
[2016-07-21 14:05:56|process_financial_data|] Find all stock codes
[2016-07-21 14:05:56|process_financial_data|] Find days when financial data was changed
[2016-07-21 14:09:04|process_financial_data|] Initiate class QuantLib
[2016-07-21 14:09:04|process_financial_data|] Initiate class 'ProcFinancialData'
[2016-07-21 14:09:04|process_financial_data|] Find all stock codes
[2016-07-21 14:09:04|process_financial_data|] Find days when financial data was changed
[2016-07-21 18:00:40|process_financial_data|] Initiate class QuantLib
[2016-07-21 18:00:40|process_financial_data|] Initiate class 'ProcFinancialData'
[2016-07-21 18:00:40|process_financial_data|] Start to process financial data
[2016-07-21 18:00:40|process_financial_data|] Find all stock codes
[2016-07-21 18:00:40|process_financial_data|] Find days when financial data was changed
[2016-07-21 18:13:09|process_financial_data|] Initiate class QuantLib
[2016-07-21 18:13:09|process_financial_data|] Initiate class 'ProcFinancialData'
[2016-07-21 18:13:09|process_financial_data|] Start to process financial data
[2016-07-21 18:13:09|process_financial_data|] Find all stock codes
[2016-07-21 18:13:09|process_financial_data|] Find days when financial data was changed
[2016-07-21 18:15:13|process_financial_data|] Initiate class QuantLib
[2016-07-21 18:15:13|process_financial_data|] Initiate class 'ProcFinancialData'
[2016-07-21 18:15:13|process_financial_data|] Start to process financial data
[2016-07-21 18:15:13|process_financial_data|] Find all stock codes
[2016-07-21 18:15:13|process_financial_data|] Find days when financial data was changed
[2016-07-21 18:36:54|process_financial_data|] Initiate class QuantLib
[2016-07-21 18:36:54|process_financial_data|] Initiate class 'ProcFinancialData'
[2016-07-21 18:36:54|process_financial_data|] Start to process financial data
[2016-07-21 18:36:54|process_financial_data|] Find all stock codes
[2016-07-21 18:36:54|process_financial_data|] Find days when financial data was changed
[2016-07-21 18:45:28|process_financial_data|] Initiate class QuantLib
[2016-07-21 18:45:28|process_financial_data|] Initiate class 'ProcFinancialData'
[2016-07-21 18:45:28|process_financial_data|] Start to process financial data
[2016-07-21 18:45:28|process_financial_data|] Find all stock codes
[2016-07-21 18:45:28|process_financial_data|] Find days when financial data was changed
[2016-07-21 18:45:47|process_financial_data|] Initiate class QuantLib
[2016-07-21 18:45:47|process_financial_data|] Initiate class 'ProcFinancialData'
[2016-07-21 18:45:47|process_financial_data|] Start to process financial data
[2016-07-21 18:45:47|process_financial_data|] Find all stock codes
[2016-07-21 18:45:48|process_financial_data|] Find days when financial data was changed
[2016-07-21 18:46:38|process_financial_data|] Initiate class QuantLib
[2016-07-21 18:46:38|process_financial_data|] Initiate class 'ProcFinancialData'
[2016-07-21 18:46:38|process_financial_data|] Start to process financial data
[2016-07-21 18:46:38|process_financial_data|] Find all stock codes
[2016-07-21 18:46:38|process_financial_data|] Find days when financial data was changed
[2016-07-21 18:48:50|process_financial_data|] Initiate class QuantLib
[2016-07-21 18:48:50|process_financial_data|] Initiate class 'ProcFinancialData'
[2016-07-21 18:48:50|process_financial_data|] Start to process financial data
[2016-07-21 18:48:50|process_financial_data|] Find all stock codes
[2016-07-21 18:48:50|process_financial_data|] Find days when financial data was changed
[2016-07-21 18:52:02|process_financial_data|] Initiate class QuantLib
[2016-07-21 18:52:02|process_financial_data|] Initiate class 'ProcFinancialData'
[2016-07-21 18:52:02|process_financial_data|] Start to process financial data
[2016-07-21 18:52:02|process_financial_data|] Find all stock codes
[2016-07-21 18:52:02|process_financial_data|] Find days when financial data was changed
[2016-07-21 18:57:34|process_financial_data|] Initiate class QuantLib
[2016-07-21 18:57:34|process_financial_data|] Initiate class 'ProcFinancialData'
[2016-07-21 18:57:34|process_financial_data|] Start to process financial data
[2016-07-21 18:57:34|process_financial_data|] Find all stock codes
[2016-07-21 18:57:34|process_financial_data|] Find days when financial data was changed
[2016-07-21 18:58:09|process_financial_data|] Initiate class QuantLib
[2016-07-21 18:58:09|process_financial_data|] Initiate class 'ProcFinancialData'
[2016-07-21 18:58:09|process_financial_data|] Start to process financial data
[2016-07-21 18:58:09|process_financial_data|] Find all stock codes
[2016-07-21 18:58:09|process_financial_data|] Find days when financial data was changed
[2016-07-21 19:04:10|process_financial_data|] Initiate class QuantLib
[2016-07-21 19:04:10|process_financial_data|] Initiate class 'ProcFinancialData'
[2016-07-21 19:04:10|process_financial_data|] Start to process financial data
[2016-07-21 19:04:10|process_financial_data|] Find all stock codes
[2016-07-21 19:04:10|process_financial_data|] Find days when financial data was changed
[2016-07-21 19:07:53|process_financial_data|] Initiate class QuantLib
[2016-07-21 19:07:53|process_financial_data|] Initiate class 'ProcFinancialData'
[2016-07-21 19:07:53|process_financial_data|] Start to process financial data
[2016-07-21 19:07:53|process_financial_data|] Find all stock codes
[2016-07-21 19:07:53|process_financial_data|] Find days when financial data was changed
[2016-07-21 19:08:32|process_financial_data|] Initiate class QuantLib
[2016-07-21 19:08:32|process_financial_data|] Initiate class 'ProcFinancialData'
[2016-07-21 19:08:32|process_financial_data|] Start to process financial data
[2016-07-21 19:08:32|process_financial_data|] Find all stock codes
[2016-07-21 19:08:32|process_financial_data|] Find days when financial data was changed
[2016-07-21 19:29:13|process_financial_data|] Initiate class QuantLib
[2016-07-21 19:29:13|process_financial_data|] Initiate class 'ProcFinancialData'
[2016-07-21 19:29:13|process_financial_data|] Start to process financial data
[2016-07-21 19:29:13|process_financial_data|] Find all stock codes
[2016-07-21 19:29:13|process_financial_data|] Find days when financial data was changed
[2016-07-21 19:30:02|process_financial_data|] Initiate class QuantLib
[2016-07-21 19:30:02|process_financial_data|] Initiate class 'ProcFinancialData'
[2016-07-21 19:30:02|process_financial_data|] Start to process financial data
[2016-07-21 19:30:02|process_financial_data|] Find all stock codes
[2016-07-21 19:30:02|process_financial_data|] Find days when financial data was changed
[2016-07-21 19:35:34|process_financial_data|] Initiate class QuantLib
[2016-07-21 19:35:34|process_financial_data|] Initiate class 'ProcFinancialData'
[2016-07-21 19:35:34|process_financial_data|] Start to process financial data
[2016-07-21 19:35:34|process_financial_data|] Find all stock codes
[2016-07-21 19:35:34|process_financial_data|] Find days when financial data was changed
[2016-07-21 19:38:36|process_financial_data|] Initiate class QuantLib
[2016-07-21 19:38:36|process_financial_data|] Initiate class 'ProcFinancialData'
[2016-07-21 19:38:36|process_financial_data|] Start to process financial data
[2016-07-21 19:38:36|process_financial_data|] Find all stock codes
[2016-07-21 19:38:36|process_financial_data|] Find days when financial data was changed
[2016-07-21 19:41:41|process_financial_data|] Initiate class QuantLib
[2016-07-21 19:41:41|process_financial_data|] Initiate class 'ProcFinancialData'
[2016-07-21 19:41:41|process_financial_data|] Start to process financial data
[2016-07-21 19:41:41|process_financial_data|] Find all stock codes
[2016-07-21 19:41:41|process_financial_data|] Find days when financial data was changed
[2016-07-21 19:42:31|process_financial_data|] Initiate class QuantLib
[2016-07-21 19:42:31|process_financial_data|] Initiate class 'ProcFinancialData'
[2016-07-21 19:42:31|process_financial_data|] Start to process financial data
[2016-07-21 19:42:31|process_financial_data|] Find all stock codes
[2016-07-21 19:42:31|process_financial_data|] Find days when financial data was changed
[2016-07-21 19:43:40|process_financial_data|] Initiate class QuantLib
[2016-07-21 19:43:40|process_financial_data|] Initiate class 'ProcFinancialData'
[2016-07-21 19:43:40|process_financial_data|] Start to process financial data
[2016-07-21 19:43:40|process_financial_data|] Find all stock codes
[2016-07-21 19:43:40|process_financial_data|] Find days when financial data was changed
[2016-07-22 10:58:57|process_financial_data|] Initiate class QuantLib
[2016-07-22 10:58:57|process_financial_data|] Initiate class 'ProcFinancialData'
[2016-07-22 10:59:58|process_financial_data|] Initiate class QuantLib
[2016-07-22 10:59:58|process_financial_data|] Initiate class 'ProcFinancialData'
[2016-07-22 10:59:58|process_financial_data|] Find all stock codes
[2016-07-22 10:59:59|process_financial_data|] Find days when financial data was changed
[2016-07-22 11:01:36|process_financial_data|] Initiate class QuantLib
[2016-07-22 11:01:36|process_financial_data|] Initiate class 'ProcFinancialData'
[2016-07-22 11:01:36|process_financial_data|] Find all stock codes
[2016-07-22 11:01:36|process_financial_data|] Find days when financial data was changed
[2016-07-22 11:01:56|process_financial_data|] Initiate class QuantLib
[2016-07-22 11:01:56|process_financial_data|] Initiate class 'ProcFinancialData'
[2016-07-22 11:01:56|process_financial_data|] Find all stock codes
[2016-07-22 11:01:56|process_financial_data|] Find days when financial data was changed
[2016-07-22 11:11:36|process_financial_data|] Initiate class QuantLib
[2016-07-22 11:11:36|process_financial_data|] Initiate class 'ProcFinancialData'
[2016-07-22 11:11:36|process_financial_data|] Find all stock codes
[2016-07-22 11:11:36|process_financial_data|] Find days when financial data was changed
[2016-07-22 11:12:07|process_financial_data|] Initiate class QuantLib
[2016-07-22 11:12:07|process_financial_data|] Initiate class 'ProcFinancialData'
[2016-07-22 11:12:07|process_financial_data|] Find all stock codes
[2016-07-22 11:12:07|process_financial_data|] Find days when financial data was changed
[2016-07-22 11:12:43|process_financial_data|] Initiate class QuantLib
[2016-07-22 11:12:43|process_financial_data|] Initiate class 'ProcFinancialData'
[2016-07-22 11:12:43|process_financial_data|] Find all stock codes
[2016-07-22 11:12:43|process_financial_data|] Find days when financial data was changed
[2016-07-22 11:13:05|process_financial_data|] Initiate class QuantLib
[2016-07-22 11:13:05|process_financial_data|] Initiate class 'ProcFinancialData'
[2016-07-22 11:13:05|process_financial_data|] Find all stock codes
[2016-07-22 11:13:05|process_financial_data|] Find days when financial data was changed
[2016-07-22 11:13:35|process_financial_data|] Initiate class QuantLib
[2016-07-22 11:13:35|process_financial_data|] Initiate class 'ProcFinancialData'
[2016-07-22 11:13:35|process_financial_data|] Find all stock codes
[2016-07-22 11:13:35|process_financial_data|] Find days when financial data was changed
[2016-07-22 11:26:46|process_financial_data|] Initiate class QuantLib
[2016-07-22 11:26:46|process_financial_data|] Initiate class 'ProcFinancialData'
[2016-07-22 11:26:46|process_financial_data|] Find all stock codes
[2016-07-22 11:26:46|process_financial_data|] Find days when financial data was changed
[2016-07-22 11:34:39|process_financial_data|] Initiate class QuantLib
[2016-07-22 11:34:39|process_financial_data|] Initiate class 'ProcFinancialData'
[2016-07-22 11:34:39|process_financial_data|] Find all stock codes
[2016-07-22 11:34:39|process_financial_data|] Find days when financial data was changed
[2016-07-22 11:44:03|process_financial_data|] Initiate class QuantLib
[2016-07-22 11:44:03|process_financial_data|] Initiate class 'ProcFinancialData'
[2016-07-22 11:44:03|process_financial_data|] Find all stock codes
[2016-07-22 11:44:03|process_financial_data|] Find days when financial data was changed
[2016-07-22 17:36:15|process_financial_data|] Initiate class QuantLib
[2016-07-22 17:36:15|process_financial_data|] Initiate class 'ProcFinancialData'
[2016-07-22 17:36:34|process_financial_data|] Initiate class QuantLib
[2016-07-22 17:36:34|process_financial_data|] Initiate class 'ProcFinancialData'
[2016-07-22 17:36:34|process_financial_data|] Find all stock codes
[2016-07-22 17:36:34|process_financial_data|] Find days when financial data announced
[2016-07-22 17:37:17|process_financial_data|] Start to process financial data
[2016-07-22 17:37:47|process_financial_data|] Initiate class QuantLib
[2016-07-22 17:37:47|process_financial_data|] Initiate class 'ProcFinancialData'
[2016-07-22 17:37:47|process_financial_data|] Find all stock codes
[2016-07-22 17:37:47|process_financial_data|] Find days when financial data announced
[2016-07-22 17:38:29|process_financial_data|] Start to process financial data
[2016-07-22 17:40:06|process_financial_data|] Initiate class QuantLib
[2016-07-22 17:40:06|process_financial_data|] Initiate class 'ProcFinancialData'
[2016-07-22 17:40:06|process_financial_data|] Find all stock codes
[2016-07-22 17:40:06|process_financial_data|] Find days when financial data announced
[2016-07-22 17:40:32|process_financial_data|] Start to process financial data
[2016-07-22 17:40:49|process_financial_data|] Initiate class QuantLib
[2016-07-22 17:40:49|process_financial_data|] Initiate class 'ProcFinancialData'
[2016-07-22 17:40:49|process_financial_data|] Find all stock codes
[2016-07-22 17:40:49|process_financial_data|] Find days when financial data announced
[2016-07-22 17:41:16|process_financial_data|] Start to process financial data
[2016-07-22 17:47:36|process_financial_data|] Initiate class QuantLib
[2016-07-22 17:47:36|process_financial_data|] Initiate class 'ProcFinancialData'
[2016-07-22 17:47:36|process_financial_data|] Find all stock codes
[2016-07-22 17:47:36|process_financial_data|] Find days when financial data announced
[2016-07-22 17:48:02|process_financial_data|] Start to process financial data
[2016-07-22 19:54:58|process_financial_data|] Initiate class QuantLib
[2016-07-22 19:54:58|process_financial_data|] Initiate class 'ProcFinancialData'
[2016-07-22 19:55:10|process_financial_data|] Initiate class QuantLib
[2016-07-22 19:55:10|process_financial_data|] Initiate class 'ProcFinancialData'
[2016-07-22 19:55:28|process_financial_data|] Initiate class QuantLib
[2016-07-22 19:55:28|process_financial_data|] Initiate class 'ProcFinancialData'
[2016-07-22 19:55:40|process_financial_data|] Initiate class QuantLib
[2016-07-22 19:55:40|process_financial_data|] Initiate class 'ProcFinancialData'
[2016-07-22 19:55:40|process_financial_data|] Find all stock codes
[2016-07-22 19:55:40|process_financial_data|] Find days when financial data announced
[2016-07-22 19:56:42|process_financial_data|] Initiate class QuantLib
[2016-07-22 19:56:42|process_financial_data|] Initiate class 'ProcFinancialData'
[2016-07-22 19:56:42|process_financial_data|] Find all stock codes
[2016-07-22 19:56:42|process_financial_data|] Find days when financial data announced
[2016-07-22 19:58:08|process_financial_data|] Initiate class QuantLib
[2016-07-22 19:58:08|process_financial_data|] Initiate class 'ProcFinancialData'
[2016-07-22 19:58:08|process_financial_data|] Find all stock codes
[2016-07-22 19:58:08|process_financial_data|] Find days when financial data announced
[2016-07-22 20:38:09|process_financial_data|] Initiate class QuantLib
[2016-07-22 20:38:09|process_financial_data|] Initiate class 'ProcFinancialData'
[2016-07-22 20:38:33|process_financial_data|] Initiate class QuantLib
[2016-07-22 20:38:33|process_financial_data|] Initiate class 'ProcFinancialData'
[2016-07-22 20:39:10|process_financial_data|] Initiate class QuantLib
[2016-07-22 20:39:10|process_financial_data|] Initiate class 'ProcFinancialData'
[2016-07-22 20:39:24|process_financial_data|] Initiate class QuantLib
[2016-07-22 20:39:24|process_financial_data|] Initiate class 'ProcFinancialData'
[2016-07-22 20:39:31|process_financial_data|] Initiate class QuantLib
[2016-07-22 20:39:31|process_financial_data|] Initiate class 'ProcFinancialData'
[2016-07-22 20:39:40|process_financial_data|] Initiate class QuantLib
[2016-07-22 20:39:40|process_financial_data|] Initiate class 'ProcFinancialData'
[2016-07-22 20:39:58|process_financial_data|] Initiate class QuantLib
[2016-07-22 20:39:58|process_financial_data|] Initiate class 'ProcFinancialData'
[2016-07-22 20:40:03|process_financial_data|] Initiate class QuantLib
[2016-07-22 20:40:03|process_financial_data|] Initiate class 'ProcFinancialData'
[2016-07-22 20:40:10|process_financial_data|] Initiate class QuantLib
[2016-07-22 20:40:10|process_financial_data|] Initiate class 'ProcFinancialData'
[2016-07-22 21:21:58|process_financial_data|] Initiate class QuantLib
[2016-07-22 21:21:58|process_financial_data|] Initiate class 'ProcFinancialData'
[2016-07-22 21:22:51|process_financial_data|] Initiate class QuantLib
[2016-07-22 21:22:51|process_financial_data|] Initiate class 'ProcFinancialData'
[2016-07-22 21:22:51|process_financial_data|] Find all stock codes
[2016-07-22 21:22:51|process_financial_data|] Find days when financial data announced
[2016-07-22 21:33:47|process_financial_data|] Initiate class QuantLib
[2016-07-22 21:33:47|process_financial_data|] Initiate class 'ProcFinancialData'
[2016-07-22 21:33:47|process_financial_data|] Find all stock codes
[2016-07-22 21:33:47|process_financial_data|] Find days when financial data announced
[2016-07-22 21:34:41|process_financial_data|] Start to process financial data
[2016-07-22 21:36:15|process_financial_data|] Initiate class QuantLib
[2016-07-22 21:36:15|process_financial_data|] Initiate class 'ProcFinancialData'
[2016-07-22 21:36:15|process_financial_data|] Find all stock codes
[2016-07-22 21:36:15|process_financial_data|] Find days when financial data announced
[2016-07-22 21:37:09|process_financial_data|] Start to process financial data
[2016-07-26 15:28:38|process_financial_data|] Initiate class QuantLib
[2016-07-26 15:28:38|process_financial_data|] Initiate class 'ProcFinancialData'
[2016-07-26 15:29:49|process_financial_data|] Initiate class QuantLib
[2016-07-26 15:29:49|process_financial_data|] Initiate class 'ProcFinancialData'
[2016-07-26 15:32:17|process_financial_data|] Initiate class QuantLib
[2016-07-26 15:32:17|process_financial_data|] Initiate class 'ProcFinancialData'
[2016-07-26 15:32:17|process_financial_data|] Find all stock codes
[2016-07-26 15:32:18|process_financial_data|] Find days when financial data announced
[2016-07-26 15:36:58|process_financial_data|] Initiate class QuantLib
[2016-07-26 15:36:58|process_financial_data|] Initiate class 'ProcFinancialData'
[2016-07-26 15:38:06|process_financial_data|] Initiate class QuantLib
[2016-07-26 15:38:06|process_financial_data|] Initiate class 'ProcFinancialData'
[2016-07-26 15:38:44|process_financial_data|] Initiate class QuantLib
[2016-07-26 15:38:44|process_financial_data|] Initiate class 'ProcFinancialData'
[2016-07-26 15:40:32|process_financial_data|] Initiate class QuantLib
[2016-07-26 15:40:32|process_financial_data|] Initiate class 'ProcFinancialData'
[2016-07-26 15:42:06|process_financial_data|] Initiate class QuantLib
[2016-07-26 15:42:06|process_financial_data|] Initiate class 'ProcFinancialData'
[2016-07-26 15:42:59|process_financial_data|] Initiate class QuantLib
[2016-07-26 15:42:59|process_financial_data|] Initiate class 'ProcFinancialData'
[2016-07-26 15:52:39|process_financial_data|] Initiate class QuantLib
[2016-07-26 15:52:39|process_financial_data|] Initiate class 'ProcFinancialData'
[2016-07-26 15:52:39|process_financial_data|] Find all stock codes
[2016-07-26 15:52:39|process_financial_data|] Find days when financial data announced
[2016-07-26 15:53:14|process_financial_data|] Initiate class QuantLib
[2016-07-26 15:53:14|process_financial_data|] Initiate class 'ProcFinancialData'
[2016-07-26 15:53:14|process_financial_data|] Find all stock codes
[2016-07-26 15:53:14|process_financial_data|] Find days when financial data announced
[2016-07-26 15:53:23|process_financial_data|] Initiate class QuantLib
[2016-07-26 15:53:23|process_financial_data|] Initiate class 'ProcFinancialData'
[2016-07-26 15:53:23|process_financial_data|] Find all stock codes
[2016-07-26 15:53:23|process_financial_data|] Find days when financial data announced
[2016-07-26 15:53:38|process_financial_data|] Initiate class QuantLib
[2016-07-26 15:53:38|process_financial_data|] Initiate class 'ProcFinancialData'
[2016-07-26 15:53:38|process_financial_data|] Find all stock codes
[2016-07-26 15:53:38|process_financial_data|] Find days when financial data announced
[2016-07-26 16:49:26|process_financial_data|] Initiate class QuantLib
[2016-07-26 16:49:26|process_financial_data|] Initiate class 'ProcFinancialData'
[2016-07-26 16:50:10|process_financial_data|] Initiate class QuantLib
[2016-07-26 16:50:10|process_financial_data|] Initiate class 'ProcFinancialData'
[2016-07-26 16:50:29|process_financial_data|] Initiate class QuantLib
[2016-07-26 16:50:29|process_financial_data|] Initiate class 'ProcFinancialData'
[2016-07-26 16:50:29|process_financial_data|] Find all stock codes
[2016-07-26 16:50:29|process_financial_data|] Find days when financial data announced
[2016-07-26 16:51:39|process_financial_data|] Start to process financial data
[2016-07-26 16:52:00|process_financial_data|] Initiate class QuantLib
[2016-07-26 16:52:00|process_financial_data|] Initiate class 'ProcFinancialData'
[2016-07-26 16:52:00|process_financial_data|] Find all stock codes
[2016-07-26 16:52:00|process_financial_data|] Find days when financial data announced
[2016-07-26 16:53:09|process_financial_data|] Start to process financial data
[2016-07-26 16:58:43|process_financial_data|] Initiate class QuantLib
[2016-07-26 16:58:43|process_financial_data|] Initiate class 'ProcFinancialData'
[2016-07-26 16:58:43|process_financial_data|] Find all stock codes
[2016-07-26 16:58:43|process_financial_data|] Find days when financial data announced
[2016-07-26 16:59:53|process_financial_data|] Start to process financial data
[2016-07-26 17:01:43|process_financial_data|] Initiate class QuantLib
[2016-07-26 17:01:43|process_financial_data|] Initiate class 'ProcFinancialData'
[2016-07-26 17:01:43|process_financial_data|] Find all stock codes
[2016-07-26 17:01:43|process_financial_data|] Find days when financial data announced
[2016-07-26 17:02:47|process_financial_data|] Start to process financial data
[2016-07-26 17:04:29|process_financial_data|] Initiate class QuantLib
[2016-07-26 17:04:29|process_financial_data|] Initiate class 'ProcFinancialData'
[2016-07-26 17:04:29|process_financial_data|] Find all stock codes
[2016-07-26 17:04:29|process_financial_data|] Find days when financial data announced
[2016-07-26 17:05:37|process_financial_data|] Start to process financial data
[2016-07-26 17:10:06|process_financial_data|] Initiate class QuantLib
[2016-07-26 17:10:06|process_financial_data|] Initiate class 'ProcFinancialData'
[2016-07-26 17:10:06|process_financial_data|] Find all stock codes
[2016-07-26 17:10:06|process_financial_data|] Find days when financial data announced
[2016-07-26 17:11:12|process_financial_data|] Start to process financial data
[2016-07-26 17:14:23|process_financial_data|] Initiate class QuantLib
[2016-07-26 17:14:23|process_financial_data|] Initiate class 'ProcFinancialData'
[2016-07-26 17:14:23|process_financial_data|] Find all stock codes
[2016-07-26 17:14:23|process_financial_data|] Find days when financial data announced
[2016-07-26 17:15:30|process_financial_data|] Start to process financial data
[2016-07-26 17:26:37|process_financial_data|] Initiate class QuantLib
[2016-07-26 17:26:37|process_financial_data|] Initiate class 'ProcFinancialData'
[2016-07-26 17:26:44|process_financial_data|] Initiate class QuantLib
[2016-07-26 17:26:44|process_financial_data|] Initiate class 'ProcFinancialData'
[2016-07-26 17:26:49|process_financial_data|] Find all stock codes
[2016-07-26 17:26:49|process_financial_data|] Find days when financial data announced
[2016-07-26 17:27:44|process_financial_data|] Start to process financial data
[2016-07-26 17:30:33|process_financial_data|] Initiate class QuantLib
[2016-07-26 17:30:33|process_financial_data|] Initiate class 'ProcFinancialData'
[2016-07-26 17:31:00|process_financial_data|] Initiate class QuantLib
[2016-07-26 17:31:00|process_financial_data|] Initiate class 'ProcFinancialData'
[2016-07-26 17:31:05|process_financial_data|] Find all stock codes
[2016-07-26 17:31:05|process_financial_data|] Find days when financial data announced
[2016-07-26 17:32:06|process_financial_data|] Start to process financial data
[2016-07-26 17:34:24|process_financial_data|] Initiate class QuantLib
[2016-07-26 17:34:24|process_financial_data|] Initiate class 'ProcFinancialData'
[2016-07-26 17:34:29|process_financial_data|] Find all stock codes
[2016-07-26 17:34:29|process_financial_data|] Find days when financial data announced
[2016-07-26 17:35:27|process_financial_data|] Start to process financial data
[2016-07-26 17:38:15|process_financial_data|] Initiate class QuantLib
[2016-07-26 17:38:15|process_financial_data|] Initiate class 'ProcFinancialData'
[2016-07-26 17:38:20|process_financial_data|] Find all stock codes
[2016-07-26 17:38:20|process_financial_data|] Find days when financial data announced
[2016-07-26 17:39:26|process_financial_data|] Initiate class QuantLib
[2016-07-26 17:39:26|process_financial_data|] Initiate class 'ProcFinancialData'
[2016-07-26 17:39:30|process_financial_data|] Find all stock codes
[2016-07-26 17:39:30|process_financial_data|] Find days when financial data announced
[2016-07-26 17:40:23|process_financial_data|] Start to process financial data
[2016-07-26 17:42:29|process_financial_data|] Initiate class QuantLib
[2016-07-26 17:42:29|process_financial_data|] Initiate class 'ProcFinancialData'
[2016-07-26 17:42:33|process_financial_data|] Find all stock codes
[2016-07-26 17:43:05|process_financial_data|] Initiate class QuantLib
[2016-07-26 17:43:05|process_financial_data|] Initiate class 'ProcFinancialData'
[2016-07-26 17:43:10|process_financial_data|] Find all stock codes
[2016-07-26 17:43:10|process_financial_data|] Find days when financial data announced
[2016-07-26 17:43:44|process_financial_data|] Initiate class QuantLib
[2016-07-26 17:43:44|process_financial_data|] Initiate class 'ProcFinancialData'
[2016-07-26 17:43:48|process_financial_data|] Find all stock codes
[2016-07-26 17:43:48|process_financial_data|] Find days when financial data announced
[2016-07-26 17:44:41|process_financial_data|] Start to process financial data
[2016-07-26 17:46:42|process_financial_data|] Initiate class QuantLib
[2016-07-26 17:46:42|process_financial_data|] Initiate class 'ProcFinancialData'
[2016-07-26 17:47:24|process_financial_data|] Initiate class QuantLib
[2016-07-26 17:47:24|process_financial_data|] Initiate class 'ProcFinancialData'
[2016-07-26 17:47:29|process_financial_data|] Find all stock codes
[2016-07-26 17:47:29|process_financial_data|] Find days when financial data announced
[2016-07-26 17:48:21|process_financial_data|] Start to process financial data
[2016-07-26 17:49:33|process_financial_data|] Initiate class QuantLib
[2016-07-26 17:49:33|process_financial_data|] Initiate class 'ProcFinancialData'
[2016-07-26 17:49:33|process_financial_data|] Find all stock codes
[2016-07-26 17:49:33|process_financial_data|] Find days when financial data announced
[2016-07-26 17:50:40|process_financial_data|] Start to process financial data
[2016-07-27 10:21:23|process_financial_data|] Initiate class QuantLib
[2016-07-27 10:21:23|process_financial_data|] Initiate class 'ProcFinancialData'
[2016-07-27 10:21:23|process_financial_data|] Find all stock codes
[2016-07-27 10:21:23|process_financial_data|] Find days when financial data announced
[2016-07-27 10:22:26|process_financial_data|] Start to process financial data
[2016-07-27 10:24:15|process_financial_data|] Initiate class QuantLib
[2016-07-27 10:24:15|process_financial_data|] Initiate class 'ProcFinancialData'
[2016-07-27 10:24:15|process_financial_data|] Find all stock codes
[2016-07-27 10:24:15|process_financial_data|] Find days when financial data announced
[2016-07-27 10:25:16|process_financial_data|] Start to process financial data
[2016-07-27 10:27:18|process_financial_data|] Initiate class QuantLib
[2016-07-27 10:27:18|process_financial_data|] Initiate class 'ProcFinancialData'
[2016-07-27 10:27:18|process_financial_data|] Find all stock codes
[2016-07-27 10:27:18|process_financial_data|] Find days when financial data announced
[2016-07-27 10:28:19|process_financial_data|] Start to process financial data
[2016-07-27 10:42:33|process_financial_data|] Initiate class QuantLib
[2016-07-27 10:42:33|process_financial_data|] Initiate class 'ProcFinancialData'
[2016-07-27 10:42:33|process_financial_data|] Find all stock codes
[2016-07-27 10:42:33|process_financial_data|] Find days when financial data announced
[2016-07-27 10:43:37|process_financial_data|] Start to process financial data
[2016-07-27 11:06:43|process_financial_data|] Initiate class QuantLib
[2016-07-27 11:06:43|process_financial_data|] Initiate class 'ProcFinancialData'
[2016-07-27 11:06:43|process_financial_data|] Find all stock codes
[2016-07-27 11:06:43|process_financial_data|] Find days when financial data announced
[2016-07-27 11:07:44|process_financial_data|] Start to process financial data
[2016-07-27 11:08:35|process_financial_data|] Initiate class QuantLib
[2016-07-27 11:08:35|process_financial_data|] Initiate class 'ProcFinancialData'
[2016-07-27 11:08:35|process_financial_data|] Find all stock codes
[2016-07-27 11:08:35|process_financial_data|] Find days when financial data announced
[2016-07-27 11:09:36|process_financial_data|] Start to process financial data
[2016-07-27 11:17:51|process_financial_data|] Initiate class QuantLib
[2016-07-27 11:17:51|process_financial_data|] Initiate class 'ProcFinancialData'
[2016-07-27 11:17:51|process_financial_data|] Find all stock codes
[2016-07-27 11:17:51|process_financial_data|] Find days when financial data announced
[2016-07-27 11:18:53|process_financial_data|] Start to process financial data
[2016-07-27 11:36:06|process_financial_data|] Initiate class QuantLib
[2016-07-27 11:36:06|process_financial_data|] Initiate class 'ProcFinancialData'
[2016-07-27 11:36:06|process_financial_data|] Find all stock codes
[2016-07-27 11:36:07|process_financial_data|] Find days when financial data announced
[2016-07-27 11:37:09|process_financial_data|] Start to process financial data
[2016-07-27 14:58:23|process_financial_data|] Initiate class QuantLib
[2016-07-27 14:58:23|process_financial_data|] Initiate class 'ProcFinancialData'
[2016-07-27 14:58:23|process_financial_data|] Find all stock codes
[2016-07-27 14:58:23|process_financial_data|] Find days when financial data announced
[2016-07-27 15:00:05|process_financial_data|] Initiate class QuantLib
[2016-07-27 15:00:05|process_financial_data|] Initiate class 'ProcFinancialData'
[2016-07-27 15:00:05|process_financial_data|] Find all stock codes
[2016-07-27 15:00:05|process_financial_data|] Find days when financial data announced
[2016-07-27 15:00:56|process_financial_data|] Initiate class QuantLib
[2016-07-27 15:00:56|process_financial_data|] Initiate class 'ProcFinancialData'
[2016-07-27 15:00:56|process_financial_data|] Find all stock codes
[2016-07-27 15:00:56|process_financial_data|] Find days when financial data announced
[2016-07-27 15:01:20|process_financial_data|] Initiate class QuantLib
[2016-07-27 15:01:20|process_financial_data|] Initiate class 'ProcFinancialData'
[2016-07-27 15:01:20|process_financial_data|] Find all stock codes
[2016-07-27 15:01:20|process_financial_data|] Find days when financial data announced
[2016-07-27 15:01:56|process_financial_data|] Initiate class QuantLib
[2016-07-27 15:01:56|process_financial_data|] Initiate class 'ProcFinancialData'
[2016-07-27 15:01:56|process_financial_data|] Find all stock codes
[2016-07-27 15:01:56|process_financial_data|] Find days when financial data announced
[2016-07-27 15:02:42|process_financial_data|] Initiate class QuantLib
[2016-07-27 15:02:42|process_financial_data|] Initiate class 'ProcFinancialData'
[2016-07-27 15:02:42|process_financial_data|] Find all stock codes
[2016-07-27 15:02:42|process_financial_data|] Find days when financial data announced
[2016-07-27 15:03:48|process_financial_data|] Start to process financial data
[2016-07-27 15:06:43|process_financial_data|] Initiate class QuantLib
[2016-07-27 15:06:43|process_financial_data|] Initiate class 'ProcFinancialData'
[2016-07-27 15:06:43|process_financial_data|] Find all stock codes
[2016-07-27 15:06:43|process_financial_data|] Find days when financial data announced
[2016-07-27 15:06:46|process_financial_data|] Start to process financial data
[2016-07-27 15:09:56|process_financial_data|] Initiate class QuantLib
[2016-07-27 15:09:56|process_financial_data|] Initiate class 'ProcFinancialData'
[2016-07-27 15:09:56|process_financial_data|] Find all stock codes
[2016-07-27 15:09:56|process_financial_data|] Find days when financial data announced
[2016-07-27 15:09:59|process_financial_data|] Start to process financial data
[2016-07-27 15:11:05|process_financial_data|] Initiate class QuantLib
[2016-07-27 15:11:05|process_financial_data|] Initiate class 'ProcFinancialData'
[2016-07-27 15:11:05|process_financial_data|] Find all stock codes
[2016-07-27 15:11:06|process_financial_data|] Find days when financial data announced
[2016-07-27 15:11:08|process_financial_data|] Start to process financial data
[2016-07-27 15:12:46|process_financial_data|] Initiate class QuantLib
[2016-07-27 15:12:46|process_financial_data|] Initiate class 'ProcFinancialData'
[2016-07-27 15:12:46|process_financial_data|] Find all stock codes
[2016-07-27 15:12:46|process_financial_data|] Find days when financial data announced
[2016-07-27 15:15:24|process_financial_data|] Initiate class QuantLib
[2016-07-27 15:15:24|process_financial_data|] Initiate class 'ProcFinancialData'
[2016-07-27 15:15:24|process_financial_data|] Find all stock codes
[2016-07-27 15:15:24|process_financial_data|] Find days when financial data announced
[2016-07-27 15:15:26|process_financial_data|] Start to process financial data
[2016-07-27 15:20:51|process_financial_data|] Initiate class QuantLib
[2016-07-27 15:20:51|process_financial_data|] Initiate class 'ProcFinancialData'
[2016-07-27 15:20:51|process_financial_data|] Find all stock codes
[2016-07-27 15:20:51|process_financial_data|] Find days when financial data announced
[2016-07-27 15:20:53|process_financial_data|] Start to process financial data
[2016-07-27 15:23:00|process_financial_data|] Initiate class QuantLib
[2016-07-27 15:23:00|process_financial_data|] Initiate class 'ProcFinancialData'
[2016-07-27 15:23:00|process_financial_data|] Find all stock codes
[2016-07-27 15:23:00|process_financial_data|] Find days when financial data announced
[2016-07-27 15:23:02|process_financial_data|] Start to process financial data
[2016-07-27 15:34:50|process_financial_data|] Initiate class QuantLib
[2016-07-27 15:34:50|process_financial_data|] Initiate class 'ProcFinancialData'
[2016-07-27 15:34:50|process_financial_data|] Find all stock codes
[2016-07-27 15:34:51|process_financial_data|] Find days when financial data announced
[2016-07-27 15:34:53|process_financial_data|] Start to process financial data
[2016-07-27 15:36:09|process_financial_data|] Initiate class QuantLib
[2016-07-27 15:36:09|process_financial_data|] Initiate class 'ProcFinancialData'
[2016-07-27 15:36:09|process_financial_data|] Find all stock codes
[2016-07-27 15:36:09|process_financial_data|] Find days when financial data announced
[2016-07-27 15:36:11|process_financial_data|] Start to process financial data
[2016-07-27 15:38:33|process_financial_data|] Initiate class QuantLib
[2016-07-27 15:38:33|process_financial_data|] Initiate class 'ProcFinancialData'
[2016-07-27 15:38:33|process_financial_data|] Find all stock codes
[2016-07-27 15:38:33|process_financial_data|] Find days when financial data announced
[2016-07-27 15:38:35|process_financial_data|] Start to process financial data
[2016-07-27 15:38:47|process_financial_data|] Initiate class QuantLib
[2016-07-27 15:38:47|process_financial_data|] Initiate class 'ProcFinancialData'
[2016-07-27 15:38:47|process_financial_data|] Find all stock codes
[2016-07-27 15:38:47|process_financial_data|] Find days when financial data announced
[2016-07-27 15:38:49|process_financial_data|] Start to process financial data
[2016-07-27 15:39:34|process_financial_data|] Initiate class QuantLib
[2016-07-27 15:39:34|process_financial_data|] Initiate class 'ProcFinancialData'
[2016-07-27 15:39:34|process_financial_data|] Find all stock codes
[2016-07-27 15:39:34|process_financial_data|] Find days when financial data announced
[2016-07-27 15:39:36|process_financial_data|] Start to process financial data
[2016-07-27 15:40:23|process_financial_data|] Initiate class QuantLib
[2016-07-27 15:40:23|process_financial_data|] Initiate class 'ProcFinancialData'
[2016-07-27 15:40:23|process_financial_data|] Find all stock codes
[2016-07-27 15:40:23|process_financial_data|] Find days when financial data announced
[2016-07-27 15:40:25|process_financial_data|] Start to process financial data
[2016-07-27 15:40:58|process_financial_data|] Initiate class QuantLib
[2016-07-27 15:40:58|process_financial_data|] Initiate class 'ProcFinancialData'
[2016-07-27 15:40:58|process_financial_data|] Find all stock codes
[2016-07-27 15:40:58|process_financial_data|] Find days when financial data announced
[2016-07-27 15:41:01|process_financial_data|] Start to process financial data
[2016-07-27 15:41:50|process_financial_data|] Initiate class QuantLib
[2016-07-27 15:41:50|process_financial_data|] Initiate class 'ProcFinancialData'
[2016-07-27 15:41:50|process_financial_data|] Find all stock codes
[2016-07-27 15:41:50|process_financial_data|] Find days when financial data announced
[2016-07-27 15:41:53|process_financial_data|] Start to process financial data
[2016-07-27 15:42:17|process_financial_data|] Initiate class QuantLib
[2016-07-27 15:42:17|process_financial_data|] Initiate class 'ProcFinancialData'
[2016-07-27 15:42:17|process_financial_data|] Find all stock codes
[2016-07-27 15:42:17|process_financial_data|] Find days when financial data announced
[2016-07-27 15:42:19|process_financial_data|] Start to process financial data
[2016-07-27 15:44:24|process_financial_data|] Initiate class QuantLib
[2016-07-27 15:44:24|process_financial_data|] Initiate class 'ProcFinancialData'
[2016-07-27 15:44:24|process_financial_data|] Find all stock codes
[2016-07-27 15:44:24|process_financial_data|] Find days when financial data announced
[2016-07-27 15:44:26|process_financial_data|] Start to process financial data
[2016-07-27 15:52:43|process_financial_data|] Initiate class QuantLib
[2016-07-27 15:52:43|process_financial_data|] Initiate class 'ProcFinancialData'
[2016-07-27 15:52:43|process_financial_data|] Find all stock codes
[2016-07-27 15:52:43|process_financial_data|] Find days when financial data announced
[2016-07-27 15:52:45|process_financial_data|] Start to process financial data
[2016-07-27 15:54:20|process_financial_data|] Initiate class QuantLib
[2016-07-27 15:54:20|process_financial_data|] Initiate class 'ProcFinancialData'
[2016-07-27 15:54:20|process_financial_data|] Find all stock codes
[2016-07-27 15:54:20|process_financial_data|] Find days when financial data announced
[2016-07-27 15:54:22|process_financial_data|] Start to process financial data
[2016-07-27 15:54:58|process_financial_data|] Initiate class QuantLib
[2016-07-27 15:54:58|process_financial_data|] Initiate class 'ProcFinancialData'
[2016-07-27 15:54:58|process_financial_data|] Find all stock codes
[2016-07-27 15:54:58|process_financial_data|] Find days when financial data announced
[2016-07-27 15:55:00|process_financial_data|] Start to process financial data
[2016-07-27 16:06:43|process_financial_data|] Initiate class QuantLib
[2016-07-27 16:06:43|process_financial_data|] Initiate class 'ProcFinancialData'
[2016-07-27 16:06:43|process_financial_data|] Find all stock codes
[2016-07-27 16:06:43|process_financial_data|] Find days when financial data announced
[2016-07-27 16:06:46|process_financial_data|] Start to process financial data
[2016-07-27 16:07:53|process_financial_data|] Initiate class QuantLib
[2016-07-27 16:07:53|process_financial_data|] Initiate class 'ProcFinancialData'
[2016-07-27 16:07:53|process_financial_data|] Find all stock codes
[2016-07-27 16:07:53|process_financial_data|] Find days when financial data announced
[2016-07-27 16:07:55|process_financial_data|] Start to process financial data
[2016-07-27 16:08:12|process_financial_data|] Initiate class QuantLib
[2016-07-27 16:08:12|process_financial_data|] Initiate class 'ProcFinancialData'
[2016-07-27 16:08:12|process_financial_data|] Find all stock codes
[2016-07-27 16:08:12|process_financial_data|] Find days when financial data announced
[2016-07-27 16:08:14|process_financial_data|] Start to process financial data
[2016-07-27 16:10:21|process_financial_data|] Initiate class QuantLib
[2016-07-27 16:10:21|process_financial_data|] Initiate class 'ProcFinancialData'
[2016-07-27 16:11:40|process_financial_data|] Initiate class QuantLib
[2016-07-27 16:11:40|process_financial_data|] Initiate class 'ProcFinancialData'
[2016-07-27 16:11:53|process_financial_data|] Initiate class QuantLib
[2016-07-27 16:11:53|process_financial_data|] Initiate class 'ProcFinancialData'
[2016-07-27 16:13:46|process_financial_data|] Initiate class QuantLib
[2016-07-27 16:13:46|process_financial_data|] Initiate class 'ProcFinancialData'
[2016-07-27 16:13:46|process_financial_data|] Find all stock codes
[2016-07-27 16:13:46|process_financial_data|] Find days when financial data announced
[2016-07-27 16:15:54|process_financial_data|] Initiate class QuantLib
[2016-07-27 16:15:54|process_financial_data|] Initiate class 'ProcFinancialData'
[2016-07-27 16:15:54|process_financial_data|] Find all stock codes
[2016-07-27 16:15:54|process_financial_data|] Find days when financial data announced
[2016-07-27 16:16:42|process_financial_data|] Initiate class QuantLib
[2016-07-27 16:16:42|process_financial_data|] Initiate class 'ProcFinancialData'
[2016-07-27 16:16:42|process_financial_data|] Find all stock codes
[2016-07-27 16:16:42|process_financial_data|] Find days when financial data announced
[2016-07-28 11:40:59|process_financial_data|] Initiate class QuantLib
[2016-07-28 11:40:59|process_financial_data|] Initiate class 'ProcFinancialData'
[2016-07-28 11:40:59|process_financial_data|] Find all stock codes
[2016-07-28 11:41:27|process_financial_data|] Initiate class QuantLib
[2016-07-28 11:41:27|process_financial_data|] Initiate class 'ProcFinancialData'
[2016-07-28 11:41:34|process_financial_data|] Find all stock codes
[2016-07-28 11:41:34|process_financial_data|] Find days when financial data announced
[2016-07-28 11:44:00|process_financial_data|] Initiate class QuantLib
[2016-07-28 11:44:00|process_financial_data|] Initiate class 'ProcFinancialData'
[2016-07-28 11:44:07|process_financial_data|] Find all stock codes
[2016-07-28 11:44:07|process_financial_data|] Find days when financial data announced
[2016-07-28 11:44:27|process_financial_data|] Initiate class QuantLib
[2016-07-28 11:44:27|process_financial_data|] Initiate class 'ProcFinancialData'
[2016-07-28 11:44:34|process_financial_data|] Find all stock codes
[2016-07-28 11:44:34|process_financial_data|] Find days when financial data announced
[2016-07-28 11:46:39|process_financial_data|] Initiate class QuantLib
[2016-07-28 11:46:39|process_financial_data|] Initiate class 'ProcFinancialData'
[2016-07-28 11:46:46|process_financial_data|] Find all stock codes
[2016-07-28 11:46:46|process_financial_data|] Find days when financial data announced
[2016-07-28 11:47:39|process_financial_data|] Initiate class QuantLib
[2016-07-28 11:47:39|process_financial_data|] Initiate class 'ProcFinancialData'
[2016-07-28 11:47:46|process_financial_data|] Find all stock codes
[2016-07-28 11:47:46|process_financial_data|] Find days when financial data announced
[2016-07-28 11:53:24|process_financial_data|] Initiate class QuantLib
[2016-07-28 11:53:24|process_financial_data|] Initiate class 'ProcFinancialData'
[2016-07-28 11:54:14|process_financial_data|] Initiate class QuantLib
[2016-07-28 11:54:14|process_financial_data|] Initiate class 'ProcFinancialData'
[2016-07-28 11:54:49|process_financial_data|] Initiate class QuantLib
[2016-07-28 11:54:49|process_financial_data|] Initiate class 'ProcFinancialData'
[2016-07-28 11:55:20|process_financial_data|] Initiate class QuantLib
[2016-07-28 11:55:20|process_financial_data|] Initiate class 'ProcFinancialData'
[2016-07-28 11:56:13|process_financial_data|] Initiate class QuantLib
[2016-07-28 11:56:13|process_financial_data|] Initiate class 'ProcFinancialData'
[2016-07-28 11:57:24|process_financial_data|] Initiate class QuantLib
[2016-07-28 11:57:24|process_financial_data|] Initiate class 'ProcFinancialData'
[2016-07-28 11:57:24|process_financial_data|] Find all stock codes
[2016-07-28 11:57:24|process_financial_data|] Find days when financial data announced
[2016-07-28 11:57:45|process_financial_data|] Initiate class QuantLib
[2016-07-28 11:57:45|process_financial_data|] Initiate class 'ProcFinancialData'
[2016-07-28 11:57:45|process_financial_data|] Find all stock codes
[2016-07-28 11:58:12|process_financial_data|] Initiate class QuantLib
[2016-07-28 11:58:12|process_financial_data|] Initiate class 'ProcFinancialData'
[2016-07-28 11:58:19|process_financial_data|] Find all stock codes
[2016-07-28 11:58:19|process_financial_data|] Find days when financial data announced
[2016-07-28 12:41:58|process_financial_data|] Initiate class QuantLib
[2016-07-28 12:41:58|process_financial_data|] Initiate class 'ProcFinancialData'
[2016-07-28 12:42:05|process_financial_data|] Find all stock codes
[2016-07-28 13:10:31|process_financial_data|] Initiate class QuantLib
[2016-07-28 13:10:31|process_financial_data|] Initiate class 'ProcFinancialData'
[2016-07-28 13:10:38|process_financial_data|] Find all stock codes
[2016-07-28 13:11:26|process_financial_data|] Initiate class QuantLib
[2016-07-28 13:11:26|process_financial_data|] Initiate class 'ProcFinancialData'
[2016-07-28 13:14:13|process_financial_data|] Initiate class QuantLib
[2016-07-28 13:14:13|process_financial_data|] Initiate class 'ProcFinancialData'
[2016-07-28 13:14:21|process_financial_data|] Find all stock codes
[2016-07-28 13:43:43|process_financial_data|] Initiate class QuantLib
[2016-07-28 13:43:43|process_financial_data|] Initiate class 'ProcFinancialData'
[2016-07-28 13:43:50|process_financial_data|] Find all stock codes
[2016-07-28 13:43:50|process_financial_data|] Find days when financial data announced
[2016-07-28 13:44:38|process_financial_data|] Initiate class QuantLib
[2016-07-28 13:44:38|process_financial_data|] Initiate class 'ProcFinancialData'
[2016-07-28 13:44:38|process_financial_data|] Find all stock codes
[2016-07-28 13:44:56|process_financial_data|] Initiate class QuantLib
[2016-07-28 13:44:56|process_financial_data|] Initiate class 'ProcFinancialData'
[2016-07-28 13:44:56|process_financial_data|] Find all stock codes
[2016-07-28 13:44:56|process_financial_data|] Find days when financial data announced
[2016-07-28 13:47:48|process_financial_data|] Initiate class QuantLib
[2016-07-28 13:47:48|process_financial_data|] Initiate class 'ProcFinancialData'
[2016-07-28 13:47:48|process_financial_data|] Find all stock codes
[2016-07-28 13:48:05|process_financial_data|] Initiate class QuantLib
[2016-07-28 13:48:05|process_financial_data|] Initiate class 'ProcFinancialData'
[2016-07-28 13:48:12|process_financial_data|] Find all stock codes
[2016-07-28 13:48:12|process_financial_data|] Find days when financial data announced
[2016-07-28 13:59:04|process_financial_data|] Initiate class QuantLib
[2016-07-28 13:59:04|process_financial_data|] Initiate class 'ProcFinancialData'
[2016-07-28 13:59:11|process_financial_data|] Find all stock codes
[2016-07-28 13:59:11|process_financial_data|] Find days when financial data announced
[2016-07-28 14:00:06|process_financial_data|] Initiate class QuantLib
[2016-07-28 14:00:06|process_financial_data|] Initiate class 'ProcFinancialData'
[2016-07-28 14:00:13|process_financial_data|] Find all stock codes
[2016-07-28 14:00:13|process_financial_data|] Find days when financial data announced
[2016-07-28 14:00:45|process_financial_data|] Initiate class QuantLib
[2016-07-28 14:00:45|process_financial_data|] Initiate class 'ProcFinancialData'
[2016-07-28 14:00:52|process_financial_data|] Find all stock codes
[2016-07-28 14:00:52|process_financial_data|] Find days when financial data announced
[2016-07-28 14:01:56|process_financial_data|] Initiate class QuantLib
[2016-07-28 14:01:56|process_financial_data|] Initiate class 'ProcFinancialData'
[2016-07-28 14:02:03|process_financial_data|] Find all stock codes
[2016-07-28 14:02:03|process_financial_data|] Find days when financial data announced
[2016-07-28 14:05:16|process_financial_data|] Initiate class QuantLib
[2016-07-28 14:05:16|process_financial_data|] Initiate class 'ProcFinancialData'
[2016-07-28 14:05:16|process_financial_data|] Find all stock codes
[2016-07-28 14:05:16|process_financial_data|] Find days when financial data announced
[2016-07-28 14:07:16|process_financial_data|] Initiate class QuantLib
[2016-07-28 14:07:16|process_financial_data|] Initiate class 'ProcFinancialData'
[2016-07-28 14:07:16|process_financial_data|] Find all stock codes
[2016-07-28 14:07:16|process_financial_data|] Find days when financial data announced
[2016-07-28 14:07:42|process_financial_data|] Initiate class QuantLib
[2016-07-28 14:07:42|process_financial_data|] Initiate class 'ProcFinancialData'
[2016-07-28 14:07:49|process_financial_data|] Find all stock codes
[2016-07-28 14:07:49|process_financial_data|] Find days when financial data announced
[2016-07-28 14:19:05|process_financial_data|] Initiate class QuantLib
[2016-07-28 14:19:05|process_financial_data|] Initiate class 'ProcFinancialData'
[2016-07-28 14:19:12|process_financial_data|] Find all stock codes
[2016-07-28 14:19:12|process_financial_data|] Find days when financial data announced
[2016-07-28 14:20:12|process_financial_data|] Initiate class QuantLib
[2016-07-28 14:20:12|process_financial_data|] Initiate class 'ProcFinancialData'
[2016-07-28 14:20:19|process_financial_data|] Find all stock codes
[2016-07-28 14:20:19|process_financial_data|] Find days when financial data announced
[2016-07-28 14:20:44|process_financial_data|] Initiate class QuantLib
[2016-07-28 14:20:44|process_financial_data|] Initiate class 'ProcFinancialData'
[2016-07-28 14:20:51|process_financial_data|] Find all stock codes
[2016-07-28 14:20:51|process_financial_data|] Find days when financial data announced
[2016-07-28 14:21:27|process_financial_data|] Initiate class QuantLib
[2016-07-28 14:21:27|process_financial_data|] Initiate class 'ProcFinancialData'
[2016-07-28 14:21:34|process_financial_data|] Find all stock codes
[2016-07-28 14:21:34|process_financial_data|] Find days when financial data announced
[2016-07-28 14:30:02|process_financial_data|] Initiate class QuantLib
[2016-07-28 14:30:02|process_financial_data|] Initiate class 'ProcFinancialData'
[2016-07-28 14:30:09|process_financial_data|] Find all stock codes
[2016-07-28 14:30:09|process_financial_data|] Find days when financial data announced
[2016-07-28 14:53:39|process_financial_data|] Initiate class QuantLib
[2016-07-28 14:53:39|process_financial_data|] Initiate class 'ProcFinancialData'
[2016-07-28 14:53:46|process_financial_data|] Find all stock codes
[2016-07-28 14:53:46|process_financial_data|] Find days when financial data announced
[2016-07-28 14:59:34|process_financial_data|] Initiate class QuantLib
[2016-07-28 14:59:34|process_financial_data|] Initiate class 'ProcFinancialData'
[2016-07-28 14:59:41|process_financial_data|] Find all stock codes
[2016-07-28 14:59:41|process_financial_data|] Find days when financial data announced
[2016-07-28 15:02:02|process_financial_data|] Initiate class QuantLib
[2016-07-28 15:02:02|process_financial_data|] Initiate class 'ProcFinancialData'
[2016-07-28 15:02:09|process_financial_data|] Find all stock codes
[2016-07-28 15:02:09|process_financial_data|] Find days when financial data announced
[2016-07-28 15:03:27|process_financial_data|] Initiate class QuantLib
[2016-07-28 15:03:27|process_financial_data|] Initiate class 'ProcFinancialData'
[2016-07-28 15:03:33|process_financial_data|] Find all stock codes
[2016-07-28 15:03:33|process_financial_data|] Find days when financial data announced
[2016-07-28 15:03:57|process_financial_data|] Initiate class QuantLib
[2016-07-28 15:03:57|process_financial_data|] Initiate class 'ProcFinancialData'
[2016-07-28 15:04:04|process_financial_data|] Find all stock codes
[2016-07-28 15:04:04|process_financial_data|] Find days when financial data announced
[2016-07-28 15:05:04|process_financial_data|] Initiate class QuantLib
[2016-07-28 15:05:04|process_financial_data|] Initiate class 'ProcFinancialData'
[2016-07-28 15:05:11|process_financial_data|] Find all stock codes
[2016-07-28 15:05:11|process_financial_data|] Find days when financial data announced
[2016-07-28 15:31:14|process_financial_data|] Initiate class QuantLib
[2016-07-28 15:31:14|process_financial_data|] Initiate class 'ProcFinancialData'
[2016-07-28 15:31:22|process_financial_data|] Find all stock codes
[2016-07-28 15:31:22|process_financial_data|] Find days when financial data announced
[2016-07-28 15:31:44|process_financial_data|] Initiate class QuantLib
[2016-07-28 15:31:44|process_financial_data|] Initiate class 'ProcFinancialData'
[2016-07-28 15:31:52|process_financial_data|] Find all stock codes
[2016-07-28 15:31:52|process_financial_data|] Find days when financial data announced
[2016-07-28 15:32:53|process_financial_data|] Initiate class QuantLib
[2016-07-28 15:32:53|process_financial_data|] Initiate class 'ProcFinancialData'
[2016-07-28 15:33:00|process_financial_data|] Find all stock codes
[2016-07-28 15:33:00|process_financial_data|] Find days when financial data announced
[2016-07-28 15:34:58|process_financial_data|] Initiate class QuantLib
[2016-07-28 15:34:58|process_financial_data|] Initiate class 'ProcFinancialData'
[2016-07-28 15:35:06|process_financial_data|] Find all stock codes
[2016-07-28 15:35:06|process_financial_data|] Find days when financial data announced
[2016-07-28 15:35:44|process_financial_data|] Initiate class QuantLib
[2016-07-28 15:35:44|process_financial_data|] Initiate class 'ProcFinancialData'
[2016-07-28 15:35:51|process_financial_data|] Find all stock codes
[2016-07-28 15:35:51|process_financial_data|] Find days when financial data announced
[2016-07-28 15:56:27|process_financial_data|] Initiate class QuantLib
[2016-07-28 15:56:27|process_financial_data|] Initiate class 'ProcFinancialData'
[2016-07-28 15:57:35|process_financial_data|] Initiate class QuantLib
[2016-07-28 15:57:35|process_financial_data|] Initiate class 'ProcFinancialData'
[2016-07-28 15:58:38|process_financial_data|] Initiate class QuantLib
[2016-07-28 15:58:38|process_financial_data|] Initiate class 'ProcFinancialData'
[2016-07-28 15:58:49|process_financial_data|] Find all stock codes
[2016-07-28 15:58:49|process_financial_data|] Find days when financial data announced
[2016-07-28 16:00:11|process_financial_data|] Initiate class QuantLib
[2016-07-28 16:00:11|process_financial_data|] Initiate class 'ProcFinancialData'
[2016-07-28 16:00:46|process_financial_data|] Initiate class QuantLib
[2016-07-28 16:00:46|process_financial_data|] Initiate class 'ProcFinancialData'
[2016-07-28 16:00:50|process_financial_data|] Find all stock codes
[2016-07-28 16:00:50|process_financial_data|] Find days when financial data announced
[2016-07-28 16:13:02|process_financial_data|] Initiate class QuantLib
[2016-07-28 16:13:02|process_financial_data|] Initiate class 'ProcFinancialData'
[2016-07-28 16:13:02|process_financial_data|] Find all stock codes
[2016-07-28 16:13:02|process_financial_data|] Find days when financial data announced
[2016-07-28 16:13:27|process_financial_data|] Initiate class QuantLib
[2016-07-28 16:13:27|process_financial_data|] Initiate class 'ProcFinancialData'
[2016-07-28 16:13:31|process_financial_data|] Find all stock codes
[2016-07-28 16:13:31|process_financial_data|] Find days when financial data announced
[2016-07-28 16:55:44|process_financial_data|] Initiate class QuantLib
[2016-07-28 16:55:44|process_financial_data|] Initiate class 'ProcFinancialData'
[2016-07-28 16:55:48|process_financial_data|] Find all stock codes
[2016-07-28 16:55:48|process_financial_data|] Find days when financial data announced
[2016-07-28 16:57:52|process_financial_data|] Initiate class QuantLib
[2016-07-28 16:57:52|process_financial_data|] Initiate class 'ProcFinancialData'
[2016-07-28 16:57:56|process_financial_data|] Find all stock codes
[2016-07-28 16:57:56|process_financial_data|] Find days when financial data announced
[2016-07-28 16:59:49|process_financial_data|] Initiate class QuantLib
[2016-07-28 16:59:49|process_financial_data|] Initiate class 'ProcFinancialData'
[2016-07-28 16:59:53|process_financial_data|] Find all stock codes
[2016-07-28 16:59:53|process_financial_data|] Find days when financial data announced
[2016-07-28 17:19:16|process_financial_data|] Initiate class QuantLib
[2016-07-28 17:19:16|process_financial_data|] Initiate class 'ProcFinancialData'
[2016-07-28 17:19:20|process_financial_data|] Find all stock codes
[2016-07-28 17:19:20|process_financial_data|] Find days when financial data announced
[2016-07-28 17:20:18|process_financial_data|] Initiate class QuantLib
[2016-07-28 17:20:18|process_financial_data|] Initiate class 'ProcFinancialData'
[2016-07-28 17:20:22|process_financial_data|] Find all stock codes
[2016-07-28 17:20:22|process_financial_data|] Find days when financial data announced
[2016-07-28 17:22:34|process_financial_data|] Initiate class QuantLib
[2016-07-28 17:22:34|process_financial_data|] Initiate class 'ProcFinancialData'
[2016-07-28 17:22:37|process_financial_data|] Find all stock codes
[2016-07-28 17:22:38|process_financial_data|] Find days when financial data announced
[2016-07-28 17:40:31|process_financial_data|] Initiate class QuantLib
[2016-07-28 17:40:31|process_financial_data|] Initiate class 'ProcFinancialData'
[2016-07-28 17:40:59|process_financial_data|] Initiate class QuantLib
[2016-07-28 17:40:59|process_financial_data|] Initiate class 'ProcFinancialData'
[2016-07-28 17:46:55|process_financial_data|] Initiate class QuantLib
[2016-07-28 17:46:55|process_financial_data|] Initiate class 'ProcFinancialData'
[2016-07-28 17:47:19|process_financial_data|] Initiate class QuantLib
[2016-07-28 17:47:19|process_financial_data|] Initiate class 'ProcFinancialData'
[2016-07-28 17:50:32|process_financial_data|] Initiate class QuantLib
[2016-07-28 17:50:32|process_financial_data|] Initiate class 'ProcFinancialData'
[2016-07-28 17:50:54|process_financial_data|] Initiate class QuantLib
[2016-07-28 17:50:54|process_financial_data|] Initiate class 'ProcFinancialData'
[2016-07-28 17:50:57|process_financial_data|] Find all stock codes
[2016-07-28 17:50:58|process_financial_data|] Find days when financial data announced
[2016-07-28 17:52:11|process_financial_data|] Initiate class QuantLib
[2016-07-28 17:52:11|process_financial_data|] Initiate class 'ProcFinancialData'
[2016-07-28 17:52:15|process_financial_data|] Find all stock codes
[2016-07-28 17:52:15|process_financial_data|] Find days when financial data announced
[2016-07-28 17:53:41|process_financial_data|] Initiate class QuantLib
[2016-07-28 17:53:41|process_financial_data|] Initiate class 'ProcFinancialData'
[2016-07-28 17:53:45|process_financial_data|] Find all stock codes
[2016-07-28 17:53:45|process_financial_data|] Find days when financial data announced
[2016-07-28 18:50:27|process_financial_data|] Initiate class QuantLib
[2016-07-28 18:50:27|process_financial_data|] Initiate class 'ProcFinancialData'
[2016-07-28 18:50:31|process_financial_data|] Find all stock codes
[2016-07-28 18:50:31|process_financial_data|] Find days when financial data announced
[2016-07-28 18:53:04|process_financial_data|] Initiate class QuantLib
[2016-07-28 18:53:04|process_financial_data|] Initiate class 'ProcFinancialData'
[2016-07-28 18:53:08|process_financial_data|] Find all stock codes
[2016-07-28 18:53:08|process_financial_data|] Find days when financial data announced
[2016-07-28 18:54:09|process_financial_data|] Initiate class QuantLib
[2016-07-28 18:54:09|process_financial_data|] Initiate class 'ProcFinancialData'
[2016-07-28 18:54:12|process_financial_data|] Find all stock codes
[2016-07-28 18:54:12|process_financial_data|] Find days when financial data announced
[2016-08-10 14:36:03|process_financial_data|] Initiate class QuantLib
[2016-08-10 14:36:03|process_financial_data|] Initiate class 'ProcFinancialData'
[2016-08-10 14:36:24|process_financial_data|] Find all stock codes
[2016-08-10 14:36:24|process_financial_data|] Find days when financial data announced
[2016-08-10 14:37:42|process_financial_data|] Initiate class QuantLib
[2016-08-10 14:37:42|process_financial_data|] Initiate class 'ProcFinancialData'
[2016-08-10 14:37:46|process_financial_data|] Find all stock codes
[2016-08-10 14:37:46|process_financial_data|] Find days when financial data announced
[2016-08-10 14:38:37|process_financial_data|] Start to process financial data
[2016-08-10 14:53:54|process_financial_data|] Initiate class QuantLib
[2016-08-10 14:53:54|process_financial_data|] Initiate class 'ProcFinancialData'
[2016-08-10 14:53:58|process_financial_data|] Find all stock codes
[2016-08-10 14:53:58|process_financial_data|] Find days when financial data announced
[2016-08-10 14:54:52|process_financial_data|] Start to process financial data
[2016-08-10 14:56:24|process_financial_data|] Initiate class QuantLib
[2016-08-10 14:56:24|process_financial_data|] Initiate class 'ProcFinancialData'
[2016-08-10 14:56:28|process_financial_data|] Find all stock codes
[2016-08-10 14:56:28|process_financial_data|] Find days when financial data announced
[2016-08-10 14:57:21|process_financial_data|] Start to process financial data
[2016-08-11 15:37:47|process_financial_data|] Initiate class QuantLib
[2016-08-11 15:37:47|process_financial_data|] Initiate class 'ProcFinancialData'
[2016-08-11 15:37:52|process_financial_data|] Find all stock codes
[2016-08-11 15:37:52|process_financial_data|] Find days when financial data announced
[2016-08-11 15:38:49|process_financial_data|] Start to process financial data
[2016-08-11 15:39:24|process_financial_data|] Initiate class QuantLib
[2016-08-11 15:39:24|process_financial_data|] Initiate class 'ProcFinancialData'
[2016-08-11 15:39:28|process_financial_data|] Find all stock codes
[2016-08-11 15:39:28|process_financial_data|] Find days when financial data announced
[2016-08-11 15:40:24|process_financial_data|] Start to process financial data
[2016-08-11 15:40:50|process_financial_data|] Initiate class QuantLib
[2016-08-11 15:40:50|process_financial_data|] Initiate class 'ProcFinancialData'
[2016-08-11 15:40:55|process_financial_data|] Find all stock codes
[2016-08-11 15:40:55|process_financial_data|] Find days when financial data announced
[2016-08-11 15:41:53|process_financial_data|] Start to process financial data
[2016-08-11 15:43:28|process_financial_data|] Initiate class QuantLib
[2016-08-11 15:43:28|process_financial_data|] Initiate class 'ProcFinancialData'
[2016-08-11 15:43:32|process_financial_data|] Find all stock codes
[2016-08-11 15:43:32|process_financial_data|] Find days when financial data announced
[2016-08-11 15:44:08|process_financial_data|] Start to process financial data
[2016-08-11 15:45:43|process_financial_data|] Initiate class QuantLib
[2016-08-11 15:45:43|process_financial_data|] Initiate class 'ProcFinancialData'
[2016-08-11 15:45:47|process_financial_data|] Find all stock codes
[2016-08-11 15:45:47|process_financial_data|] Find days when financial data announced
[2016-08-11 15:46:43|process_financial_data|] Start to process financial data
[2016-08-11 15:49:17|process_financial_data|] Initiate class QuantLib
[2016-08-11 15:49:17|process_financial_data|] Initiate class 'ProcFinancialData'
[2016-08-11 15:49:22|process_financial_data|] Find all stock codes
[2016-08-11 15:49:22|process_financial_data|] Find days when financial data announced
[2016-08-11 15:49:59|process_financial_data|] Start to process financial data
[2016-08-11 16:40:40|process_financial_data|] Initiate class QuantLib
[2016-08-11 16:40:40|process_financial_data|] Initiate class 'ProcFinancialData'
[2016-08-11 16:40:45|process_financial_data|] Find all stock codes
[2016-08-11 16:40:45|process_financial_data|] Find days when financial data announced
[2016-08-11 16:41:22|process_financial_data|] Start to process financial data
[2016-08-11 16:42:26|process_financial_data|] Initiate class QuantLib
[2016-08-11 16:42:26|process_financial_data|] Initiate class 'ProcFinancialData'
[2016-08-11 16:42:30|process_financial_data|] Find all stock codes
[2016-08-11 16:42:30|process_financial_data|] Find days when financial data announced
[2016-08-11 16:43:11|process_financial_data|] Start to process financial data
[2016-08-11 16:43:38|process_financial_data|] Initiate class QuantLib
[2016-08-11 16:43:38|process_financial_data|] Initiate class 'ProcFinancialData'
[2016-08-11 16:43:44|process_financial_data|] Find all stock codes
[2016-08-11 16:43:44|process_financial_data|] Find days when financial data announced
[2016-08-11 16:44:24|process_financial_data|] Start to process financial data
